0 info it worked if it ends with ok
1 verbose cli [ '/usr/local/bin/node',
1 verbose cli   '/usr/local/bin/npm',
1 verbose cli   'install',
1 verbose cli   '-g',
1 verbose cli   'mongodb' ]
2 info using npm@2.14.4
3 info using node@v4.1.1
4 verbose install initial load of /usr/local/lib/package.json
5 verbose readDependencies loading dependencies from /usr/local/lib/package.json
6 silly cache add args [ 'mongodb', null ]
7 verbose cache add spec mongodb
8 silly cache add parsed spec Result {
8 silly cache add   raw: 'mongodb',
8 silly cache add   scope: null,
8 silly cache add   name: 'mongodb',
8 silly cache add   rawSpec: '',
8 silly cache add   spec: '*',
8 silly cache add   type: 'range' }
9 silly addNamed mongodb@*
10 verbose addNamed "*" is a valid semver range for mongodb
11 silly addNameRange { name: 'mongodb', range: '*', hasData: false }
12 silly mapToRegistry name mongodb
13 silly mapToRegistry using default registry
14 silly mapToRegistry registry https://registry.npmjs.org/
15 silly mapToRegistry uri https://registry.npmjs.org/mongodb
16 verbose addNameRange registry:https://registry.npmjs.org/mongodb not in flight; fetching
17 verbose request uri https://registry.npmjs.org/mongodb
18 verbose request no auth needed
19 info attempt registry request try #1 at 5:17:38 PM
20 verbose request id 1315f9a78adb6252
21 verbose etag "6T10UWG8PNQTQSQBR9VTP7YNF"
22 http request GET https://registry.npmjs.org/mongodb
23 http 304 https://registry.npmjs.org/mongodb
24 silly get cb [ 304,
24 silly get   { date: 'Tue, 20 Oct 2015 22:17:38 GMT',
24 silly get     via: '1.1 varnish',
24 silly get     'cache-control': 'max-age=60',
24 silly get     etag: '"6T10UWG8PNQTQSQBR9VTP7YNF"',
24 silly get     age: '1',
24 silly get     connection: 'keep-alive',
24 silly get     'x-served-by': 'cache-ord1728-ORD',
24 silly get     'x-cache': 'HIT',
24 silly get     'x-cache-hits': '1',
24 silly get     'x-timer': 'S1445379458.924083,VS0,VE2',
24 silly get     vary: 'Accept' } ]
25 verbose etag https://registry.npmjs.org/mongodb from cache
26 verbose get saving mongodb to /Users/npoling/.npm/registry.npmjs.org/mongodb/.cache.json
27 silly addNameRange number 2 { name: 'mongodb', range: '*', hasData: true }
28 silly addNameRange versions [ 'mongodb',
28 silly addNameRange   [ '0.9.4',
28 silly addNameRange     '0.9.4-4',
28 silly addNameRange     '0.9.3',
28 silly addNameRange     '0.9.1',
28 silly addNameRange     '0.9.2',
28 silly addNameRange     '0.9.6-7',
28 silly addNameRange     '0.9.6-8',
28 silly addNameRange     '0.9.6-9',
28 silly addNameRange     '0.9.6-10',
28 silly addNameRange     '0.9.6-11',
28 silly addNameRange     '0.9.6-12',
28 silly addNameRange     '0.9.6-13',
28 silly addNameRange     '0.9.6-14',
28 silly addNameRange     '0.9.6-15',
28 silly addNameRange     '0.9.6-16',
28 silly addNameRange     '0.9.6-17',
28 silly addNameRange     '0.9.6-18',
28 silly addNameRange     '0.9.6-19',
28 silly addNameRange     '0.9.6-20',
28 silly addNameRange     '0.9.6-21',
28 silly addNameRange     '0.9.6-22',
28 silly addNameRange     '0.9.6-23',
28 silly addNameRange     '0.9.7',
28 silly addNameRange     '0.9.7-0',
28 silly addNameRange     '0.9.7-1',
28 silly addNameRange     '0.9.7-1.1',
28 silly addNameRange     '0.9.7-1.2',
28 silly addNameRange     '0.9.7-1.3',
28 silly addNameRange     '0.9.7-1.4',
28 silly addNameRange     '0.9.7-2',
28 silly addNameRange     '0.9.7-2-1',
28 silly addNameRange     '0.9.7-2-2',
28 silly addNameRange     '0.9.7-2-3',
28 silly addNameRange     '0.9.7-2-4',
28 silly addNameRange     '0.9.7-2-5',
28 silly addNameRange     '0.9.7-3',
28 silly addNameRange     '0.9.7-3-1',
28 silly addNameRange     '0.9.7-3-2',
28 silly addNameRange     '0.9.7-3-3',
28 silly addNameRange     '0.9.7-3-4',
28 silly addNameRange     '0.9.7-3-5',
28 silly addNameRange     '0.9.8',
28 silly addNameRange     '0.9.8-1',
28 silly addNameRange     '0.9.8-2',
28 silly addNameRange     '0.9.8-3',
28 silly addNameRange     '0.9.8-4',
28 silly addNameRange     '0.9.8-5',
28 silly addNameRange     '0.9.8-6',
28 silly addNameRange     '0.9.8-7',
28 silly addNameRange     '0.9.9',
28 silly addNameRange     '0.9.9-1',
28 silly addNameRange     '0.9.9-2',
28 silly addNameRange     '0.9.9-3',
28 silly addNameRange     '0.9.9-4',
28 silly addNameRange     '0.9.9-5',
28 silly addNameRange     '0.9.9-6',
28 silly addNameRange     '0.9.9-7',
28 silly addNameRange     '0.9.9-8',
28 silly addNameRange     '1.0.0',
28 silly addNameRange     '1.0.1',
28 silly addNameRange     '1.0.2',
28 silly addNameRange     '1.1.0-beta',
28 silly addNameRange     '1.1.0',
28 silly addNameRange     '1.1.1',
28 silly addNameRange     '1.1.2',
28 silly addNameRange     '1.1.3',
28 silly addNameRange     '1.1.4',
28 silly addNameRange     '1.1.5',
28 silly addNameRange     '1.1.6',
28 silly addNameRange     '1.1.7',
28 silly addNameRange     '1.1.8',
28 silly addNameRange     '1.1.9',
28 silly addNameRange     '1.1.10',
28 silly addNameRange     '1.1.11',
28 silly addNameRange     '1.2.0',
28 silly addNameRange     '1.2.1',
28 silly addNameRange     '1.2.2',
28 silly addNameRange     '1.2.3',
28 silly addNameRange     '1.2.4',
28 silly addNameRange     '1.2.5',
28 silly addNameRange     '1.2.6',
28 silly addNameRange     '1.2.7',
28 silly addNameRange     '1.2.8',
28 silly addNameRange     '1.2.9',
28 silly addNameRange     '1.2.10',
28 silly addNameRange     '1.2.11',
28 silly addNameRange     '1.2.12',
28 silly addNameRange     '1.2.13',
28 silly addNameRange     '1.2.14',
28 silly addNameRange     '1.3.0',
28 silly addNameRange     '1.3.1',
28 silly addNameRange     '1.3.2',
28 silly addNameRange     '1.3.3',
28 silly addNameRange     '1.3.4',
28 silly addNameRange     '1.3.5',
28 silly addNameRange     '1.3.6',
28 silly addNameRange     '1.3.7',
28 silly addNameRange     '1.3.8',
28 silly addNameRange     '1.3.9',
28 silly addNameRange     '1.3.10',
28 silly addNameRange     '1.3.11',
28 silly addNameRange     '1.3.12',
28 silly addNameRange     '1.3.14',
28 silly addNameRange     '1.3.15',
28 silly addNameRange     '1.3.17',
28 silly addNameRange     '1.3.18',
28 silly addNameRange     '1.3.19',
28 silly addNameRange     '1.4.0-rc2',
28 silly addNameRange     '1.3.20',
28 silly addNameRange     '1.4.0-rc3',
28 silly addNameRange     '1.3.21',
28 silly addNameRange     '1.3.22',
28 silly addNameRange     '1.3.23',
28 silly addNameRange     '1.4.0-rc4',
28 silly addNameRange     '1.4.0-rc5',
28 silly addNameRange     '1.4.0-rc6',
28 silly addNameRange     '1.4.0-rc7',
28 silly addNameRange     '1.4.0-rc8',
28 silly addNameRange     '1.4.0-rc9',
28 silly addNameRange     '1.4.0-rc10',
28 silly addNameRange     '1.4.0',
28 silly addNameRange     '1.4.1',
28 silly addNameRange     '1.4.2',
28 silly addNameRange     '1.4.3',
28 silly addNameRange     '1.4.4',
28 silly addNameRange     '1.4.5',
28 silly addNameRange     '1.4.6',
28 silly addNameRange     '1.4.7',
28 silly addNameRange     '1.4.8',
28 silly addNameRange     '1.4.9',
28 silly addNameRange     '1.4.10',
28 silly addNameRange     '2.0.0-alpha1',
28 silly addNameRange     '1.4.11',
28 silly addNameRange     '1.4.12',
28 silly addNameRange     '1.4.14',
28 silly addNameRange     '1.4.15',
28 silly addNameRange     '1.4.16',
28 silly addNameRange     '1.4.17',
28 silly addNameRange     '2.0.0-alpha2',
28 silly addNameRange     '1.4.18',
28 silly addNameRange     '2.0.0',
28 silly addNameRange     '2.0.1',
28 silly addNameRange     '2.0.2',
28 silly addNameRange     '1.4.19',
28 silly addNameRange     '2.0.3',
28 silly addNameRange     '2.0.4',
28 silly addNameRange     '2.0.5',
28 silly addNameRange     '2.0.6',
28 silly addNameRange     '1.4.20',
28 silly addNameRange     '1.4.22',
28 silly addNameRange     '2.0.7',
28 silly addNameRange     '2.0.8',
28 silly addNameRange     '2.0.9',
28 silly addNameRange     '1.4.23',
28 silly addNameRange     '2.0.10',
28 silly addNameRange     '1.4.24',
28 silly addNameRange     '2.0.11',
28 silly addNameRange     '1.4.25',
28 silly addNameRange     '2.0.12',
28 silly addNameRange     '1.4.26',
28 silly addNameRange     '1.4.27',
28 silly addNameRange     '1.4.28',
28 silly addNameRange     '2.0.13',
28 silly addNameRange     '2.0.14',
28 silly addNameRange     '1.4.29',
28 silly addNameRange     '2.0.15',
28 silly addNameRange     '1.4.30',
28 silly addNameRange     '2.0.16',
28 silly addNameRange     '1.4.31',
28 silly addNameRange     '2.0.17',
28 silly addNameRange     '1.4.32',
28 silly addNameRange     '2.0.18',
28 silly addNameRange     '2.0.19',
28 silly addNameRange     '1.4.33',
28 silly addNameRange     '2.0.20',
28 silly addNameRange     '2.0.21',
28 silly addNameRange     '1.4.34',
28 silly addNameRange     '2.0.22',
28 silly addNameRange     '2.0.23',
28 silly addNameRange     '1.4.35',
28 silly addNameRange     '2.0.24',
28 silly addNameRange     '2.0.25',
28 silly addNameRange     '2.0.26',
28 silly addNameRange     '2.0.27',
28 silly addNameRange     '2.0.28',
28 silly addNameRange     '2.0.29',
28 silly addNameRange     '1.4.36',
28 silly addNameRange     '2.0.30',
28 silly addNameRange     '1.4.37',
28 silly addNameRange     '2.0.31',
28 silly addNameRange     '1.4.38',
28 silly addNameRange     '2.0.32',
28 silly addNameRange     '2.0.33',
28 silly addNameRange     '2.1.0-alpha',
28 silly addNameRange     '2.0.34',
28 silly addNameRange     '2.0.35',
28 silly addNameRange     '2.0.36',
28 silly addNameRange     '2.0.37',
28 silly addNameRange     '2.0.38',
28 silly addNameRange     '2.0.39',
28 silly addNameRange     '1.4.39',
28 silly addNameRange     '2.0.40',
28 silly addNameRange     '2.0.41',
28 silly addNameRange     '2.0.42',
28 silly addNameRange     '2.0.43',
28 silly addNameRange     '2.0.44',
28 silly addNameRange     '2.0.45',
28 silly addNameRange     '2.0.46' ] ]
29 silly addNamed mongodb@2.0.46
30 verbose addNamed "2.0.46" is a plain semver version for mongodb
31 silly cache afterAdd mongodb@2.0.46
32 verbose afterAdd /Users/npoling/.npm/mongodb/2.0.46/package/package.json not in flight; writing
33 verbose afterAdd /Users/npoling/.npm/mongodb/2.0.46/package/package.json written
34 silly install resolved [ { name: 'mongodb',
34 silly install resolved     version: '2.0.46',
34 silly install resolved     description: 'MongoDB legacy driver emulation layer on top of mongodb-core',
34 silly install resolved     main: 'index.js',
34 silly install resolved     repository:
34 silly install resolved      { type: 'git',
34 silly install resolved        url: 'git+ssh://git@github.com/mongodb/node-mongodb-native.git' },
34 silly install resolved     keywords: [ 'mongodb', 'driver', 'legacy' ],
34 silly install resolved     dependencies:
34 silly install resolved      { 'mongodb-core': '1.2.19',
34 silly install resolved        'readable-stream': '1.0.31',
34 silly install resolved        'es6-promise': '2.1.1' },
34 silly install resolved     devDependencies:
34 silly install resolved      { integra: '0.1.8',
34 silly install resolved        optimist: '0.6.1',
34 silly install resolved        bson: '~0.4',
34 silly install resolved        jsdoc: '3.3.0-beta3',
34 silly install resolved        semver: '4.1.0',
34 silly install resolved        rimraf: '2.2.6',
34 silly install resolved        gleak: '0.5.0',
34 silly install resolved        'mongodb-version-manager': '^0.8.8',
34 silly install resolved        'mongodb-tools': '~1.0',
34 silly install resolved        co: '4.5.4',
34 silly install resolved        bluebird: '2.9.27' },
34 silly install resolved     author: { name: 'Christian Kvalheim' },
34 silly install resolved     license: 'Apache-2.0',
34 silly install resolved     bugs: { url: 'https://github.com/mongodb/node-mongodb-native/issues' },
34 silly install resolved     scripts: { test: 'node test/runner.js -t functional' },
34 silly install resolved     homepage: 'https://github.com/mongodb/node-mongodb-native',
34 silly install resolved     gitHead: 'ba3cf959d728f7b0c86d3ef439b729a155d5c175',
34 silly install resolved     _id: 'mongodb@2.0.46',
34 silly install resolved     _shasum: 'b1b857465e45e259b1e0e033698341a64cb93559',
34 silly install resolved     _from: 'mongodb@*',
34 silly install resolved     _npmVersion: '2.14.7',
34 silly install resolved     _nodeVersion: '4.2.1',
34 silly install resolved     _npmUser: { name: 'christkv', email: 'christkv@gmail.com' },
34 silly install resolved     maintainers: [ [Object] ],
34 silly install resolved     dist:
34 silly install resolved      { shasum: 'b1b857465e45e259b1e0e033698341a64cb93559',
34 silly install resolved        tarball: 'http://registry.npmjs.org/mongodb/-/mongodb-2.0.46.tgz' },
34 silly install resolved     directories: {},
34 silly install resolved     _resolved: 'https://registry.npmjs.org/mongodb/-/mongodb-2.0.46.tgz',
34 silly install resolved     readme: 'ERROR: No README data found!' } ]
35 info install mongodb@2.0.46 into /usr/local/lib
36 info installOne mongodb@2.0.46
37 verbose installOne of mongodb to /usr/local/lib not in flight; installing
38 verbose lock using /Users/npoling/.npm/_locks/mongodb-a48d46289d3b2737.lock for /usr/local/lib/node_modules/mongodb
39 silly install write writing mongodb 2.0.46 to /usr/local/lib/node_modules/mongodb
40 verbose unbuild lib/node_modules/mongodb
41 info preuninstall mongodb@2.0.46
42 info uninstall mongodb@2.0.46
43 verbose unbuild rmStuff mongodb@2.0.46 from /usr/local/lib/node_modules
44 info postuninstall mongodb@2.0.46
45 silly gentlyRm /usr/local/lib/node_modules/mongodb is being purged from base /usr/local
46 verbose gentlyRm don't care about contents; nuking /usr/local/lib/node_modules/mongodb
47 silly vacuum-fs purging /usr/local/lib/node_modules/mongodb
48 verbose unlock done using /Users/npoling/.npm/_locks/mongodb-a48d46289d3b2737.lock for /usr/local/lib/node_modules/mongodb
49 verbose stack Error: EACCES: permission denied, rmdir '/usr/local/lib/node_modules/mongodb'
49 verbose stack     at Error (native)
50 verbose cwd /Users/npoling/Documents/MKS24-ACTUAL/MKS-solo/contax
51 error Darwin 14.1.0
52 error argv "/usr/local/bin/node" "/usr/local/bin/npm" "install" "-g" "mongodb"
53 error node v4.1.1
54 error npm  v2.14.4
55 error path /usr/local/lib/node_modules/mongodb
56 error code EACCES
57 error errno -13
58 error syscall rmdir
59 error Error: EACCES: permission denied, rmdir '/usr/local/lib/node_modules/mongodb'
59 error     at Error (native)
59 error  { [Error: EACCES: permission denied, rmdir '/usr/local/lib/node_modules/mongodb']
59 error   errno: -13,
59 error   code: 'EACCES',
59 error   syscall: 'rmdir',
59 error   path: '/usr/local/lib/node_modules/mongodb' }
60 error Please try running this command again as root/Administrator.
61 verbose exit [ -13, true ]
62 verbose unbuild lib/node_modules/mongodb
63 info preuninstall mongodb@2.0.46
64 info uninstall mongodb@2.0.46
65 verbose unbuild rmStuff mongodb@2.0.46 from /usr/local/lib/node_modules
66 info postuninstall mongodb@2.0.46
67 silly gentlyRm /usr/local/lib/node_modules/mongodb is being purged from base /usr/local
68 verbose gentlyRm don't care about contents; nuking /usr/local/lib/node_modules/mongodb
69 silly vacuum-fs purging /usr/local/lib/node_modules/mongodb
70 error error rolling back Error: EACCES: permission denied, rmdir '/usr/local/lib/node_modules/mongodb'
70 error error rolling back     at Error (native)
70 error error rolling back  { [Error: EACCES: permission denied, rmdir '/usr/local/lib/node_modules/mongodb']
70 error error rolling back   errno: -13,
70 error error rolling back   code: 'EACCES',
70 error error rolling back   syscall: 'rmdir',
70 error error rolling back   path: '/usr/local/lib/node_modules/mongodb' }
